2026-05-15 11:01:13,329 [Worker-5: Loading available Gradle versions] INFO  o.e.b.c.i.u.g.PublishedGradleVersions - Gradle version information cache is up-to-date. Trying to read.
2026-05-15 11:08:20,612 [Worker-45: Building] INFO  o.e.m.c.i.l.LifecycleMappingFactory - Using org.maven.ide.eclipse.wtp.WarLifecycleMapping lifecycle mapping for MavenProject: com.spring:Wild_Tour:0.0.1-SNAPSHOT @ D:\Wildlife\New WildLife\Wild_Life\Wild_Tour\pom.xml.
2026-05-15 11:08:22,023 [Worker-45: Building] WARN  o.a.m.s.f.DefaultMavenResourcesFiltering - Using platform encoding (UTF-8 actually) to copy filtered resources, i.e. build is platform dependent!
2026-05-15 11:08:22,036 [Worker-45: Building] INFO  o.a.m.s.f.DefaultMavenResourcesFiltering - Copying 0 resource from src\main\resources to target\classes
2026-05-15 11:08:22,044 [Worker-45: Building] WARN  o.a.m.s.f.DefaultMavenResourcesFiltering - Using platform encoding (UTF-8 actually) to copy filtered resources, i.e. build is platform dependent!
2026-05-15 11:08:22,045 [Worker-45: Building] INFO  o.a.m.s.f.DefaultMavenResourcesFiltering - Copying 0 resource from src\test\resources to target\test-classes
2026-05-15 11:29:56,530 [Worker-55: Building] WARN  o.a.m.s.f.DefaultMavenResourcesFiltering - Using platform encoding (UTF-8 actually) to copy filtered resources, i.e. build is platform dependent!
2026-05-15 11:29:56,536 [Worker-55: Building] INFO  o.a.m.s.f.DefaultMavenResourcesFiltering - Copying 0 resource from src\main\resources to target\classes
2026-05-15 11:29:56,539 [Worker-55: Building] WARN  o.a.m.s.f.DefaultMavenResourcesFiltering - Using platform encoding (UTF-8 actually) to copy filtered resources, i.e. build is platform dependent!
2026-05-15 11:29:56,540 [Worker-55: Building] INFO  o.a.m.s.f.DefaultMavenResourcesFiltering - Copying 0 resource from src\test\resources to target\test-classes
2026-05-15 11:30:12,534 [Worker-62: Building] WARN  o.a.m.s.f.DefaultMavenResourcesFiltering - Using platform encoding (UTF-8 actually) to copy filtered resources, i.e. build is platform dependent!
2026-05-15 11:30:12,536 [Worker-62: Building] INFO  o.a.m.s.f.DefaultMavenResourcesFiltering - Copying 0 resource from src\main\resources to target\classes
2026-05-15 11:30:12,540 [Worker-62: Building] WARN  o.a.m.s.f.DefaultMavenResourcesFiltering - Using platform encoding (UTF-8 actually) to copy filtered resources, i.e. build is platform dependent!
2026-05-15 11:30:12,542 [Worker-62: Building] INFO  o.a.m.s.f.DefaultMavenResourcesFiltering - Copying 0 resource from src\test\resources to target\test-classes
2026-05-15 11:31:39,774 [main] INFO  o.e.m2e.actions.ExecutePomAction - Creating new launch configuration
2026-05-15 11:32:09,386 [Worker-62: Launching Wild_Tour (1)] INFO  o.eclipse.m2e.core.internal.Bundles - getClasspathEntries(Bundle=org.eclipse.m2e.maven.runtime_3.9.900.20240824-1409 [642])
2026-05-15 11:32:09,387 [Worker-62: Launching Wild_Tour (1)] INFO  o.eclipse.m2e.core.internal.Bundles - 	Entry: C:\Users\subra\.p2\pool\plugins\org.eclipse.m2e.maven.runtime_3.9.900.20240824-1409
2026-05-15 11:32:09,388 [Worker-62: Launching Wild_Tour (1)] INFO  o.eclipse.m2e.core.internal.Bundles - 	Entry: C:\Users\subra\.p2\pool\plugins\org.eclipse.m2e.maven.runtime_3.9.900.20240824-1409\jars\aopalliance-1.0.jar
2026-05-15 11:32:09,388 [Worker-62: Launching Wild_Tour (1)] INFO  o.eclipse.m2e.core.internal.Bundles - 	Entry: C:\Users\subra\.p2\pool\plugins\org.eclipse.m2e.maven.runtime_3.9.900.20240824-1409\jars\guice-5.1.0.jar
2026-05-15 11:32:09,388 [Worker-62: Launching Wild_Tour (1)] INFO  o.eclipse.m2e.core.internal.Bundles - 	Entry: C:\Users\subra\.p2\pool\plugins\org.eclipse.m2e.maven.runtime_3.9.900.20240824-1409\jars\httpclient-4.5.14.jar
2026-05-15 11:32:09,388 [Worker-62: Launching Wild_Tour (1)] INFO  o.eclipse.m2e.core.internal.Bundles - 	Entry: C:\Users\subra\.p2\pool\plugins\org.eclipse.m2e.maven.runtime_3.9.900.20240824-1409\jars\httpcore-4.4.16.jar
2026-05-15 11:32:09,388 [Worker-62: Launching Wild_Tour (1)] INFO  o.eclipse.m2e.core.internal.Bundles - 	Entry: C:\Users\subra\.p2\pool\plugins\org.eclipse.m2e.maven.runtime_3.9.900.20240824-1409\jars\jansi-2.4.1.jar
2026-05-15 11:32:09,389 [Worker-62: Launching Wild_Tour (1)] INFO  o.eclipse.m2e.core.internal.Bundles - 	Entry: C:\Users\subra\.p2\pool\plugins\org.eclipse.m2e.maven.runtime_3.9.900.20240824-1409\jars\jcl-over-slf4j-1.7.36.jar
2026-05-15 11:32:09,389 [Worker-62: Launching Wild_Tour (1)] INFO  o.eclipse.m2e.core.internal.Bundles - 	Entry: C:\Users\subra\.p2\pool\plugins\org.eclipse.m2e.maven.runtime_3.9.900.20240824-1409\jars\maven-artifact-3.9.9.jar
2026-05-15 11:32:09,389 [Worker-62: Launching Wild_Tour (1)] INFO  o.eclipse.m2e.core.internal.Bundles - 	Entry: C:\Users\subra\.p2\pool\plugins\org.eclipse.m2e.maven.runtime_3.9.900.20240824-1409\jars\maven-builder-support-3.9.9.jar
2026-05-15 11:32:09,389 [Worker-62: Launching Wild_Tour (1)] INFO  o.eclipse.m2e.core.internal.Bundles - 	Entry: C:\Users\subra\.p2\pool\plugins\org.eclipse.m2e.maven.runtime_3.9.900.20240824-1409\jars\maven-compat-3.9.9.jar
2026-05-15 11:32:09,389 [Worker-62: Launching Wild_Tour (1)] INFO  o.eclipse.m2e.core.internal.Bundles - 	Entry: C:\Users\subra\.p2\pool\plugins\org.eclipse.m2e.maven.runtime_3.9.900.20240824-1409\jars\maven-core-3.9.9.jar
2026-05-15 11:32:09,389 [Worker-62: Launching Wild_Tour (1)] INFO  o.eclipse.m2e.core.internal.Bundles - 	Entry: C:\Users\subra\.p2\pool\plugins\org.eclipse.m2e.maven.runtime_3.9.900.20240824-1409\jars\maven-embedder-3.9.9.jar
2026-05-15 11:32:09,389 [Worker-62: Launching Wild_Tour (1)] INFO  o.eclipse.m2e.core.internal.Bundles - 	Entry: C:\Users\subra\.p2\pool\plugins\org.eclipse.m2e.maven.runtime_3.9.900.20240824-1409\jars\maven-model-3.9.9.jar
2026-05-15 11:32:09,390 [Worker-62: Launching Wild_Tour (1)] INFO  o.eclipse.m2e.core.internal.Bundles - 	Entry: C:\Users\subra\.p2\pool\plugins\org.eclipse.m2e.maven.runtime_3.9.900.20240824-1409\jars\maven-model-builder-3.9.9.jar
2026-05-15 11:32:09,390 [Worker-62: Launching Wild_Tour (1)] INFO  o.eclipse.m2e.core.internal.Bundles - 	Entry: C:\Users\subra\.p2\pool\plugins\org.eclipse.m2e.maven.runtime_3.9.900.20240824-1409\jars\maven-plugin-api-3.9.9.jar
2026-05-15 11:32:09,390 [Worker-62: Launching Wild_Tour (1)] INFO  o.eclipse.m2e.core.internal.Bundles - 	Entry: C:\Users\subra\.p2\pool\plugins\org.eclipse.m2e.maven.runtime_3.9.900.20240824-1409\jars\maven-repository-metadata-3.9.9.jar
2026-05-15 11:32:09,390 [Worker-62: Launching Wild_Tour (1)] INFO  o.eclipse.m2e.core.internal.Bundles - 	Entry: C:\Users\subra\.p2\pool\plugins\org.eclipse.m2e.maven.runtime_3.9.900.20240824-1409\jars\maven-resolver-api-1.9.22.jar
2026-05-15 11:32:09,390 [Worker-62: Launching Wild_Tour (1)] INFO  o.eclipse.m2e.core.internal.Bundles - 	Entry: C:\Users\subra\.p2\pool\plugins\org.eclipse.m2e.maven.runtime_3.9.900.20240824-1409\jars\maven-resolver-connector-basic-1.9.22.jar
2026-05-15 11:32:09,390 [Worker-62: Launching Wild_Tour (1)] INFO  o.eclipse.m2e.core.internal.Bundles - 	Entry: C:\Users\subra\.p2\pool\plugins\org.eclipse.m2e.maven.runtime_3.9.900.20240824-1409\jars\maven-resolver-impl-1.9.22.jar
2026-05-15 11:32:09,390 [Worker-62: Launching Wild_Tour (1)] INFO  o.eclipse.m2e.core.internal.Bundles - 	Entry: C:\Users\subra\.p2\pool\plugins\org.eclipse.m2e.maven.runtime_3.9.900.20240824-1409\jars\maven-resolver-named-locks-1.9.22.jar
2026-05-15 11:32:09,390 [Worker-62: Launching Wild_Tour (1)] INFO  o.eclipse.m2e.core.internal.Bundles - 	Entry: C:\Users\subra\.p2\pool\plugins\org.eclipse.m2e.maven.runtime_3.9.900.20240824-1409\jars\maven-resolver-provider-3.9.9.jar
2026-05-15 11:32:09,391 [Worker-62: Launching Wild_Tour (1)] INFO  o.eclipse.m2e.core.internal.Bundles - 	Entry: C:\Users\subra\.p2\pool\plugins\org.eclipse.m2e.maven.runtime_3.9.900.20240824-1409\jars\maven-resolver-spi-1.9.22.jar
2026-05-15 11:32:09,391 [Worker-62: Launching Wild_Tour (1)] INFO  o.eclipse.m2e.core.internal.Bundles - 	Entry: C:\Users\subra\.p2\pool\plugins\org.eclipse.m2e.maven.runtime_3.9.900.20240824-1409\jars\maven-resolver-transport-file-1.9.22.jar
2026-05-15 11:32:09,391 [Worker-62: Launching Wild_Tour (1)] INFO  o.eclipse.m2e.core.internal.Bundles - 	Entry: C:\Users\subra\.p2\pool\plugins\org.eclipse.m2e.maven.runtime_3.9.900.20240824-1409\jars\maven-resolver-transport-http-1.9.22.jar
2026-05-15 11:32:09,391 [Worker-62: Launching Wild_Tour (1)] INFO  o.eclipse.m2e.core.internal.Bundles - 	Entry: C:\Users\subra\.p2\pool\plugins\org.eclipse.m2e.maven.runtime_3.9.900.20240824-1409\jars\maven-resolver-transport-wagon-1.9.22.jar
2026-05-15 11:32:09,391 [Worker-62: Launching Wild_Tour (1)] INFO  o.eclipse.m2e.core.internal.Bundles - 	Entry: C:\Users\subra\.p2\pool\plugins\org.eclipse.m2e.maven.runtime_3.9.900.20240824-1409\jars\maven-resolver-util-1.9.22.jar
2026-05-15 11:32:09,391 [Worker-62: Launching Wild_Tour (1)] INFO  o.eclipse.m2e.core.internal.Bundles - 	Entry: C:\Users\subra\.p2\pool\plugins\org.eclipse.m2e.maven.runtime_3.9.900.20240824-1409\jars\maven-settings-3.9.9.jar
2026-05-15 11:32:09,392 [Worker-62: Launching Wild_Tour (1)] INFO  o.eclipse.m2e.core.internal.Bundles - 	Entry: C:\Users\subra\.p2\pool\plugins\org.eclipse.m2e.maven.runtime_3.9.900.20240824-1409\jars\maven-settings-builder-3.9.9.jar
2026-05-15 11:32:09,392 [Worker-62: Launching Wild_Tour (1)] INFO  o.eclipse.m2e.core.internal.Bundles - 	Entry: C:\Users\subra\.p2\pool\plugins\org.eclipse.m2e.maven.runtime_3.9.900.20240824-1409\jars\maven-shared-utils-3.4.2.jar
2026-05-15 11:32:09,392 [Worker-62: Launching Wild_Tour (1)] INFO  o.eclipse.m2e.core.internal.Bundles - 	Entry: C:\Users\subra\.p2\pool\plugins\org.eclipse.m2e.maven.runtime_3.9.900.20240824-1409\jars\org.eclipse.sisu.inject-0.9.0.M3.jar
2026-05-15 11:32:09,392 [Worker-62: Launching Wild_Tour (1)] INFO  o.eclipse.m2e.core.internal.Bundles - 	Entry: C:\Users\subra\.p2\pool\plugins\org.eclipse.m2e.maven.runtime_3.9.900.20240824-1409\jars\org.eclipse.sisu.plexus-0.9.0.M3.jar
2026-05-15 11:32:09,392 [Worker-62: Launching Wild_Tour (1)] INFO  o.eclipse.m2e.core.internal.Bundles - 	Entry: C:\Users\subra\.p2\pool\plugins\org.eclipse.m2e.maven.runtime_3.9.900.20240824-1409\jars\plexus-build-api-0.0.7.jar
2026-05-15 11:32:09,393 [Worker-62: Launching Wild_Tour (1)] INFO  o.eclipse.m2e.core.internal.Bundles - 	Entry: C:\Users\subra\.p2\pool\plugins\org.eclipse.m2e.maven.runtime_3.9.900.20240824-1409\jars\plexus-build-api-1.2.0.jar
2026-05-15 11:32:09,393 [Worker-62: Launching Wild_Tour (1)] INFO  o.eclipse.m2e.core.internal.Bundles - 	Entry: C:\Users\subra\.p2\pool\plugins\org.eclipse.m2e.maven.runtime_3.9.900.20240824-1409\jars\plexus-cipher-2.0.jar
2026-05-15 11:32:09,393 [Worker-62: Launching Wild_Tour (1)] INFO  o.eclipse.m2e.core.internal.Bundles - 	Entry: C:\Users\subra\.p2\pool\plugins\org.eclipse.m2e.maven.runtime_3.9.900.20240824-1409\jars\plexus-classworlds-2.8.0.jar
2026-05-15 11:32:09,393 [Worker-62: Launching Wild_Tour (1)] INFO  o.eclipse.m2e.core.internal.Bundles - 	Entry: C:\Users\subra\.p2\pool\plugins\org.eclipse.m2e.maven.runtime_3.9.900.20240824-1409\jars\plexus-component-annotations-2.1.0.jar
2026-05-15 11:32:09,393 [Worker-62: Launching Wild_Tour (1)] INFO  o.eclipse.m2e.core.internal.Bundles - 	Entry: C:\Users\subra\.p2\pool\plugins\org.eclipse.m2e.maven.runtime_3.9.900.20240824-1409\jars\plexus-interpolation-1.27.jar
2026-05-15 11:32:09,394 [Worker-62: Launching Wild_Tour (1)] INFO  o.eclipse.m2e.core.internal.Bundles - 	Entry: C:\Users\subra\.p2\pool\plugins\org.eclipse.m2e.maven.runtime_3.9.900.20240824-1409\jars\plexus-sec-dispatcher-2.0.jar
2026-05-15 11:32:09,394 [Worker-62: Launching Wild_Tour (1)] INFO  o.eclipse.m2e.core.internal.Bundles - 	Entry: C:\Users\subra\.p2\pool\plugins\org.eclipse.m2e.maven.runtime_3.9.900.20240824-1409\jars\plexus-utils-3.5.1.jar
2026-05-15 11:32:09,394 [Worker-62: Launching Wild_Tour (1)] INFO  o.eclipse.m2e.core.internal.Bundles - 	Entry: C:\Users\subra\.p2\pool\plugins\org.eclipse.m2e.maven.runtime_3.9.900.20240824-1409\jars\plexus-xml-3.0.1.jar
2026-05-15 11:32:09,394 [Worker-62: Launching Wild_Tour (1)] INFO  o.eclipse.m2e.core.internal.Bundles - 	Entry: C:\Users\subra\.p2\pool\plugins\org.eclipse.m2e.maven.runtime_3.9.900.20240824-1409\jars\wagon-file-3.5.3.jar
2026-05-15 11:32:09,394 [Worker-62: Launching Wild_Tour (1)] INFO  o.eclipse.m2e.core.internal.Bundles - 	Entry: C:\Users\subra\.p2\pool\plugins\org.eclipse.m2e.maven.runtime_3.9.900.20240824-1409\jars\wagon-http-3.5.3.jar
2026-05-15 11:32:09,394 [Worker-62: Launching Wild_Tour (1)] INFO  o.eclipse.m2e.core.internal.Bundles - 	Entry: C:\Users\subra\.p2\pool\plugins\org.eclipse.m2e.maven.runtime_3.9.900.20240824-1409\jars\wagon-http-shared-3.5.3.jar
2026-05-15 11:32:09,394 [Worker-62: Launching Wild_Tour (1)] INFO  o.eclipse.m2e.core.internal.Bundles - 	Entry: C:\Users\subra\.p2\pool\plugins\org.eclipse.m2e.maven.runtime_3.9.900.20240824-1409\jars\wagon-provider-api-3.5.3.jar
2026-05-15 11:32:09,396 [Worker-62: Launching Wild_Tour (1)] INFO  o.eclipse.m2e.core.internal.Bundles - getClasspathEntries(Bundle=com.google.guava_33.3.0.jre [16])
2026-05-15 11:32:09,397 [Worker-62: Launching Wild_Tour (1)] INFO  o.eclipse.m2e.core.internal.Bundles - 	Entry: C:\Users\subra\.p2\pool\plugins\com.google.guava_33.3.0.jre.jar
2026-05-15 11:32:09,397 [Worker-62: Launching Wild_Tour (1)] INFO  o.eclipse.m2e.core.internal.Bundles - getClasspathEntries(Bundle=slf4j.api_2.0.16 [1007])
2026-05-15 11:32:09,397 [Worker-62: Launching Wild_Tour (1)] INFO  o.eclipse.m2e.core.internal.Bundles - 	Entry: C:\Users\subra\.p2\pool\plugins\slf4j.api_2.0.16.jar
2026-05-15 11:32:09,397 [Worker-62: Launching Wild_Tour (1)] INFO  o.eclipse.m2e.core.internal.Bundles - getClasspathEntries(Bundle=jakarta.inject.jakarta.inject-api_1.0.5 [34])
2026-05-15 11:32:09,397 [Worker-62: Launching Wild_Tour (1)] INFO  o.eclipse.m2e.core.internal.Bundles - 	Entry: C:\Users\subra\.p2\pool\plugins\jakarta.inject.jakarta.inject-api_1.0.5.jar
2026-05-15 11:32:09,397 [Worker-62: Launching Wild_Tour (1)] INFO  o.eclipse.m2e.core.internal.Bundles - getClasspathEntries(Bundle=jakarta.annotation-api_1.3.5 [29])
2026-05-15 11:32:09,398 [Worker-62: Launching Wild_Tour (1)] INFO  o.eclipse.m2e.core.internal.Bundles - 	Entry: C:\Users\subra\.p2\pool\plugins\jakarta.annotation-api_1.3.5.jar
2026-05-15 11:32:09,398 [Worker-62: Launching Wild_Tour (1)] INFO  o.eclipse.m2e.core.internal.Bundles - getClasspathEntries(Bundle=org.apache.commons.cli_1.9.0 [78])
2026-05-15 11:32:09,398 [Worker-62: Launching Wild_Tour (1)] INFO  o.eclipse.m2e.core.internal.Bundles - 	Entry: C:\Users\subra\.p2\pool\plugins\org.apache.commons.cli_1.9.0.jar
2026-05-15 11:32:09,398 [Worker-62: Launching Wild_Tour (1)] INFO  o.eclipse.m2e.core.internal.Bundles - getClasspathEntries(Bundle=org.apache.commons.commons-codec_1.16.0 [81])
2026-05-15 11:32:09,399 [Worker-62: Launching Wild_Tour (1)] INFO  o.eclipse.m2e.core.internal.Bundles - 	Entry: C:\Users\subra\.p2\pool\plugins\org.apache.commons.commons-codec_1.16.0.jar
2026-05-15 11:32:09,399 [Worker-62: Launching Wild_Tour (1)] INFO  o.eclipse.m2e.core.internal.Bundles - getClasspathEntries(Bundle=com.google.guava.failureaccess_1.0.2 [17])
2026-05-15 11:32:09,399 [Worker-62: Launching Wild_Tour (1)] INFO  o.eclipse.m2e.core.internal.Bundles - 	Entry: C:\Users\subra\.p2\pool\plugins\com.google.guava.failureaccess_1.0.2.jar
2026-05-15 11:32:09,401 [Worker-62: Launching Wild_Tour (1)] INFO  o.e.m.i.launch.MavenLaunchDelegate - Run build in "D:\Wildlife\New WildLife\Wild_Life\Wild_Tour":
2026-05-15 11:32:09,402 [Worker-62: Launching Wild_Tour (1)] INFO  o.e.m.i.launch.MavenLaunchDelegate -  mvn  -B -Dstyle.color=always clean package
2026-05-15 12:17:53,547 [Worker-1: Loading available Gradle versions] INFO  o.e.b.c.i.u.g.PublishedGradleVersions - Gradle version information cache is up-to-date. Trying to read.
2026-05-15 12:48:30,263 [Worker-5: Loading available Gradle versions] INFO  o.e.b.c.i.u.g.PublishedGradleVersions - Gradle version information cache is up-to-date. Trying to read.
2026-05-15 13:01:43,612 [Worker-5: Loading available Gradle versions] INFO  o.e.b.c.i.u.g.PublishedGradleVersions - Gradle version information cache is up-to-date. Trying to read.
2026-05-15 13:08:34,931 [Worker-40: Building] WARN  o.a.m.s.f.DefaultMavenResourcesFiltering - Using platform encoding (UTF-8 actually) to copy filtered resources, i.e. build is platform dependent!
2026-05-15 13:08:34,939 [Worker-40: Building] INFO  o.a.m.s.f.DefaultMavenResourcesFiltering - Copying 0 resource from src\main\resources to target\classes
2026-05-15 13:08:34,945 [Worker-40: Building] WARN  o.a.m.s.f.DefaultMavenResourcesFiltering - Using platform encoding (UTF-8 actually) to copy filtered resources, i.e. build is platform dependent!
2026-05-15 13:08:34,945 [Worker-40: Building] INFO  o.a.m.s.f.DefaultMavenResourcesFiltering - Copying 0 resource from src\test\resources to target\test-classes
2026-05-15 13:13:06,609 [Worker-5: Loading available Gradle versions] INFO  o.e.b.c.i.u.g.PublishedGradleVersions - Gradle version information cache is up-to-date. Trying to read.
2026-05-15 16:01:14,585 [Worker-2: Loading available Gradle versions] INFO  o.e.b.c.i.u.g.PublishedGradleVersions - Gradle version information cache is up-to-date. Trying to read.
2026-05-15 16:02:50,587 [Worker-28: Building] WARN  o.a.m.s.f.DefaultMavenResourcesFiltering - Using platform encoding (UTF-8 actually) to copy filtered resources, i.e. build is platform dependent!
2026-05-15 16:02:50,593 [Worker-28: Building] INFO  o.a.m.s.f.DefaultMavenResourcesFiltering - Copying 0 resource from src\main\resources to target\classes
2026-05-15 16:02:50,596 [Worker-28: Building] WARN  o.a.m.s.f.DefaultMavenResourcesFiltering - Using platform encoding (UTF-8 actually) to copy filtered resources, i.e. build is platform dependent!
2026-05-15 16:02:50,598 [Worker-28: Building] INFO  o.a.m.s.f.DefaultMavenResourcesFiltering - Copying 0 resource from src\test\resources to target\test-classes
2026-05-15 16:05:03,678 [Worker-5: Loading available Gradle versions] INFO  o.e.b.c.i.u.g.PublishedGradleVersions - Gradle version information cache is up-to-date. Trying to read.
2026-05-15 16:08:29,960 [Worker-18: Updating Maven Project] INFO  o.e.m.c.i.p.ProjectConfigurationManager - Update started
2026-05-15 16:08:30,268 [Worker-18: Updating Maven Project] INFO  o.e.m.c.i.l.LifecycleMappingFactory - Using org.maven.ide.eclipse.wtp.WarLifecycleMapping lifecycle mapping for MavenProject: com.spring:Wild_Tour:0.0.1-SNAPSHOT @ D:\Wildlife\New WildLife\Wild_Life\Wild_Tour\pom.xml.
2026-05-15 16:08:30,842 [Worker-18: Updating Maven Project] INFO  o.e.m.j.i.AbstractJavaProjectConfigurator - Adding source folder /Wild_Tour/src/main/java
2026-05-15 16:08:30,843 [Worker-18: Updating Maven Project] INFO  o.e.m.j.i.AbstractJavaProjectConfigurator - Adding resource folder /Wild_Tour/src/main/resources
2026-05-15 16:08:30,844 [Worker-18: Updating Maven Project] INFO  o.e.m.j.i.AbstractJavaProjectConfigurator - Adding source folder /Wild_Tour/src/test/java
2026-05-15 16:08:30,844 [Worker-18: Updating Maven Project] INFO  o.e.m.j.i.AbstractJavaProjectConfigurator - Adding resource folder /Wild_Tour/src/test/resources
2026-05-15 16:08:35,995 [Worker-18: Updating Maven Project] INFO  o.e.m.w.i.f.ResourceFilteringBuildParticipant - Cleaning filtered folder for Wild_Tour
2026-05-15 16:08:36,104 [Worker-18: Updating Maven Project] INFO  o.e.m.c.i.p.ProjectConfigurationManager - Update completed for 1 poms: local refresh takes 0.00 sec, refresh facades takes 0.00 sec, update config takes 5.00 sec 
2026-05-15 16:08:37,576 [Worker-40: Building] WARN  o.a.m.s.f.DefaultMavenResourcesFiltering - Using platform encoding (UTF-8 actually) to copy filtered resources, i.e. build is platform dependent!
2026-05-15 16:08:37,586 [Worker-40: Building] INFO  o.a.m.s.f.DefaultMavenResourcesFiltering - Copying 0 resource from src\main\resources to target\classes
2026-05-15 16:08:37,591 [Worker-40: Building] WARN  o.a.m.s.f.DefaultMavenResourcesFiltering - Using platform encoding (UTF-8 actually) to copy filtered resources, i.e. build is platform dependent!
2026-05-15 16:08:37,594 [Worker-40: Building] INFO  o.a.m.s.f.DefaultMavenResourcesFiltering - Copying 0 resource from src\test\resources to target\test-classes
2026-05-15 16:08:37,595 [Worker-40: Building] INFO  o.e.m.w.i.f.ResourceFilteringBuildParticipant - Changed resources require a complete clean of filtered resources of Wild_Tour
2026-05-15 16:08:37,597 [Worker-40: Building] INFO  o.e.m.w.i.f.ResourceFilteringBuildParticipant - Executing resource filtering for Wild_Tour
2026-05-15 16:08:40,720 [Worker-9: Building] WARN  o.a.m.s.f.DefaultMavenResourcesFiltering - Using platform encoding (UTF-8 actually) to copy filtered resources, i.e. build is platform dependent!
2026-05-15 16:08:40,723 [Worker-9: Building] INFO  o.a.m.s.f.DefaultMavenResourcesFiltering - Copying 0 resource from src\main\resources to target\classes
2026-05-15 16:08:40,725 [Worker-9: Building] WARN  o.a.m.s.f.DefaultMavenResourcesFiltering - Using platform encoding (UTF-8 actually) to copy filtered resources, i.e. build is platform dependent!
2026-05-15 16:08:40,726 [Worker-9: Building] INFO  o.a.m.s.f.DefaultMavenResourcesFiltering - Copying 0 resource from src\test\resources to target\test-classes
2026-05-15 16:08:53,995 [Worker-39: Cleaning all projects] INFO  o.e.m.w.i.f.ResourceFilteringBuildParticipant - Cleaning filtered folder for Wild_Tour
2026-05-15 16:08:54,310 [Worker-40: Building] WARN  o.a.m.s.f.DefaultMavenResourcesFiltering - Using platform encoding (UTF-8 actually) to copy filtered resources, i.e. build is platform dependent!
2026-05-15 16:08:54,312 [Worker-40: Building] INFO  o.a.m.s.f.DefaultMavenResourcesFiltering - Copying 0 resource from src\main\resources to target\classes
2026-05-15 16:08:54,314 [Worker-40: Building] WARN  o.a.m.s.f.DefaultMavenResourcesFiltering - Using platform encoding (UTF-8 actually) to copy filtered resources, i.e. build is platform dependent!
2026-05-15 16:08:54,315 [Worker-40: Building] INFO  o.a.m.s.f.DefaultMavenResourcesFiltering - Copying 0 resource from src\test\resources to target\test-classes
2026-05-15 16:08:54,316 [Worker-40: Building] INFO  o.e.m.w.i.f.ResourceFilteringBuildParticipant - Changed resources require a complete clean of filtered resources of Wild_Tour
2026-05-15 16:08:54,316 [Worker-40: Building] INFO  o.e.m.w.i.f.ResourceFilteringBuildParticipant - Executing resource filtering for Wild_Tour
2026-05-15 16:10:36,834 [Worker-42: Updating Maven Project] INFO  o.e.m.c.i.p.ProjectConfigurationManager - Update started
2026-05-15 16:10:37,105 [Worker-42: Updating Maven Project] INFO  o.e.m.c.i.l.LifecycleMappingFactory - Using org.maven.ide.eclipse.wtp.WarLifecycleMapping lifecycle mapping for MavenProject: com.spring:Wild_Tour:0.0.1-SNAPSHOT @ D:\Wildlife\New WildLife\Wild_Life\Wild_Tour\pom.xml.
2026-05-15 16:10:37,523 [Worker-42: Updating Maven Project] INFO  o.e.m.j.i.AbstractJavaProjectConfigurator - Adding source folder /Wild_Tour/src/main/java
2026-05-15 16:10:37,523 [Worker-42: Updating Maven Project] INFO  o.e.m.j.i.AbstractJavaProjectConfigurator - Adding resource folder /Wild_Tour/src/main/resources
2026-05-15 16:10:37,523 [Worker-42: Updating Maven Project] INFO  o.e.m.j.i.AbstractJavaProjectConfigurator - Adding source folder /Wild_Tour/src/test/java
2026-05-15 16:10:37,525 [Worker-42: Updating Maven Project] INFO  o.e.m.j.i.AbstractJavaProjectConfigurator - Adding resource folder /Wild_Tour/src/test/resources
2026-05-15 16:10:37,842 [Worker-42: Updating Maven Project] INFO  o.e.m.w.i.f.ResourceFilteringBuildParticipant - Cleaning filtered folder for Wild_Tour
2026-05-15 16:10:37,884 [Worker-42: Updating Maven Project] INFO  o.e.m.c.i.p.ProjectConfigurationManager - Update completed for 1 poms: local refresh takes 0.00 sec, refresh facades takes 0.00 sec, update config takes 0.00 sec 
2026-05-15 16:10:38,913 [Worker-43: Building] WARN  o.a.m.s.f.DefaultMavenResourcesFiltering - Using platform encoding (UTF-8 actually) to copy filtered resources, i.e. build is platform dependent!
2026-05-15 16:10:38,915 [Worker-43: Building] INFO  o.a.m.s.f.DefaultMavenResourcesFiltering - Copying 0 resource from src\main\resources to target\classes
2026-05-15 16:10:38,918 [Worker-43: Building] WARN  o.a.m.s.f.DefaultMavenResourcesFiltering - Using platform encoding (UTF-8 actually) to copy filtered resources, i.e. build is platform dependent!
2026-05-15 16:10:38,919 [Worker-43: Building] INFO  o.a.m.s.f.DefaultMavenResourcesFiltering - Copying 0 resource from src\test\resources to target\test-classes
2026-05-15 16:10:38,921 [Worker-43: Building] INFO  o.e.m.w.i.f.ResourceFilteringBuildParticipant - Changed resources require a complete clean of filtered resources of Wild_Tour
2026-05-15 16:10:38,921 [Worker-43: Building] INFO  o.e.m.w.i.f.ResourceFilteringBuildParticipant - Executing resource filtering for Wild_Tour
2026-05-15 16:11:46,146 [Worker-1: Loading available Gradle versions] INFO  o.e.b.c.i.u.g.PublishedGradleVersions - Gradle version information cache is up-to-date. Trying to read.
2026-05-15 16:12:45,086 [Worker-38: Updating Maven Project] INFO  o.e.m.c.i.p.ProjectConfigurationManager - Update started
2026-05-15 16:12:45,105 [Worker-38: Updating Maven Project] INFO  o.e.m.c.i.p.ProjectConfigurationManager - Update completed for 1 poms: local refresh takes 0.00 sec, refresh facades takes 0.00 sec, update config takes 0.00 sec 
2026-05-15 16:13:25,452 [Worker-1: Loading available Gradle versions] INFO  o.e.b.c.i.u.g.PublishedGradleVersions - Gradle version information cache is up-to-date. Trying to read.
2026-05-15 16:14:01,468 [Worker-7: Loading available Gradle versions] INFO  o.e.b.c.i.u.g.PublishedGradleVersions - Gradle version information cache is up-to-date. Trying to read.
